This is pdfTeX, Version 3.14159265-2.6-1.40.21 (MiKTeX 21.1) (preloaded format=pdflatex 2021.2.16)  1 DEC 2021 16:32
entering extended mode
**./ML_PAPER_SINGLE_COLUMN.tex
(ML_PAPER_SINGLE_COLUMN.tex
LaTeX2e <2020-10-01> patch level 4
L3 programming layer <2021-02-06> xparse <2020-03-03> (cas-sc.cls
Document Class: cas-sc 2021/05/11, 2.3: Formatting class for CAS single column 
articles
\c@blind=\count177
\@bls=\dimen138
(C:\Users\RWLBRA001\AppData\Local\Programs\MiKTeX\tex/latex/base\article.cls
Document Class: article 2020/04/10 v1.4m Standard LaTeX document class
(C:\Users\RWLBRA001\AppData\Local\Programs\MiKTeX\tex/latex/base\fleqn.clo
File: fleqn.clo 2016/12/29 v1.2b Standard LaTeX option (flush left equations)
\mathindent=\skip47
Applying: [2015/01/01] Make \[ robust on input line 50.
LaTeX Info: Redefining \[ on input line 51.
Already applied: [0000/00/00] Make \[ robust on input line 62.
Applying: [2015/01/01] Make \] robust on input line 74.
LaTeX Info: Redefining \] on input line 75.
Already applied: [0000/00/00] Make \] robust on input line 83.
)
(C:\Users\RWLBRA001\AppData\Local\Programs\MiKTeX\tex/latex/base\size10.clo
File: size10.clo 2020/04/10 v1.4m Standard LaTeX file (size option)
)
\c@part=\count178
\c@section=\count179
\c@subsection=\count180
\c@subsubsection=\count181
\c@paragraph=\count182
\c@subparagraph=\count183
\c@figure=\count184
\c@table=\count185
\abovecaptionskip=\skip48
\belowcaptionskip=\skip49
\bibindent=\dimen139
)
(C:\Users\RWLBRA001\AppData\Local\Programs\MiKTeX\tex/latex/graphics\graphicx.s
ty
Package: graphicx 2020/09/09 v1.2b Enhanced LaTeX Graphics (DPC,SPQR)

(C:\Users\RWLBRA001\AppData\Local\Programs\MiKTeX\tex/latex/graphics\keyval.sty
Package: keyval 2014/10/28 v1.15 key=value parser (DPC)
\KV@toks@=\toks15
)
(C:\Users\RWLBRA001\AppData\Local\Programs\MiKTeX\tex/latex/graphics\graphics.s
ty
Package: graphics 2020/08/30 v1.4c Standard LaTeX Graphics (DPC,SPQR)

(C:\Users\RWLBRA001\AppData\Local\Programs\MiKTeX\tex/latex/graphics\trig.sty
Package: trig 2016/01/03 v1.10 sin cos tan (DPC)
)
(C:\Users\RWLBRA001\AppData\Local\Programs\MiKTeX\tex/latex/graphics-cfg\graphi
cs.cfg
File: graphics.cfg 2016/06/04 v1.11 sample graphics configuration
)
Package graphics Info: Driver file: pdftex.def on input line 105.

(C:\Users\RWLBRA001\AppData\Local\Programs\MiKTeX\tex/latex/graphics-def\pdftex
.def
File: pdftex.def 2020/10/05 v1.2a Graphics/color driver for pdftex
))
\Gin@req@height=\dimen140
\Gin@req@width=\dimen141
)
(C:\Users\RWLBRA001\AppData\Local\Programs\MiKTeX\tex/latex/amsmath\amsmath.sty
Package: amsmath 2020/09/23 v2.17i AMS math features
\@mathmargin=\skip50
For additional information on amsmath, use the `?' option.

(C:\Users\RWLBRA001\AppData\Local\Programs\MiKTeX\tex/latex/amsmath\amstext.sty
Package: amstext 2000/06/29 v2.01 AMS text
(C:\Users\RWLBRA001\AppData\Local\Programs\MiKTeX\tex/latex/amsmath\amsgen.sty
File: amsgen.sty 1999/11/30 v2.0 generic functions
\@emptytoks=\toks16
\ex@=\dimen142
))
(C:\Users\RWLBRA001\AppData\Local\Programs\MiKTeX\tex/latex/amsmath\amsbsy.sty
Package: amsbsy 1999/11/29 v1.2d Bold Symbols
\pmbraise@=\dimen143
) (C:\Users\RWLBRA001\AppData\Local\Programs\MiKTeX\tex/latex/amsmath\amsopn.st
y
Package: amsopn 2016/03/08 v2.02 operator names
)
\inf@bad=\count186
LaTeX Info: Redefining \frac on input line 234.
\uproot@=\count187
\leftroot@=\count188
LaTeX Info: Redefining \overline on input line 399.
\classnum@=\count189
\DOTSCASE@=\count190
LaTeX Info: Redefining \ldots on input line 496.
LaTeX Info: Redefining \dots on input line 499.
LaTeX Info: Redefining \cdots on input line 620.
\Mathstrutbox@=\box47
\strutbox@=\box48
\big@size=\dimen144
LaTeX Font Info:    Redeclaring font encoding OML on input line 743.
LaTeX Font Info:    Redeclaring font encoding OMS on input line 744.
\macc@depth=\count191
\c@MaxMatrixCols=\count192
\dotsspace@=\muskip16
\c@parentequation=\count193
\dspbrk@lvl=\count194
\tag@help=\toks17
\row@=\count195
\column@=\count196
\maxfields@=\count197
\andhelp@=\toks18
\eqnshift@=\dimen145
\alignsep@=\dimen146
\tagshift@=\dimen147
\tagwidth@=\dimen148
\totwidth@=\dimen149
\lineht@=\dimen150
\@envbody=\toks19
\multlinegap=\skip51
\multlinetaggap=\skip52
\mathdisplay@stack=\toks20
LaTeX Info: Redefining \[ on input line 2923.
LaTeX Info: Redefining \] on input line 2924.
)
(C:\Users\RWLBRA001\AppData\Local\Programs\MiKTeX\tex/latex/amsfonts\amsfonts.s
ty
Package: amsfonts 2013/01/14 v3.01 Basic AMSFonts support
\symAMSa=\mathgroup4
\symAMSb=\mathgroup5
LaTeX Font Info:    Redeclaring math symbol \hbar on input line 98.
LaTeX Font Info:    Overwriting math alphabet `\mathfrak' in version `bold'
(Font)                  U/euf/m/n --> U/euf/b/n on input line 106.
)
(C:\Users\RWLBRA001\AppData\Local\Programs\MiKTeX\tex/latex/amsfonts\amssymb.st
y
Package: amssymb 2013/01/14 v3.01 AMS font symbols
)
(C:\Users\RWLBRA001\AppData\Local\Programs\MiKTeX\tex/latex/l3kernel\expl3.sty
Package: expl3 2021-02-06 L3 programming layer (loader) 

(C:\Users\RWLBRA001\AppData\Local\Programs\MiKTeX\tex/latex/l3backend\l3backend
-pdftex.def
File: l3backend-pdftex.def 2021-02-06 L3 backend support: PDF output (pdfTeX)
\l__color_backend_stack_int=\count198
\l__pdf_internal_box=\box49
))
(C:\Users\RWLBRA001\AppData\Local\Programs\MiKTeX\tex/latex/l3packages/xparse\x
parse.sty
Package: xparse 2020-10-27 L3 Experimental document command parser

(C:\Users\RWLBRA001\AppData\Local\Programs\MiKTeX\tex/latex/l3packages/xparse\x
parse-generic.tex))
(C:\Users\RWLBRA001\AppData\Local\Programs\MiKTeX\tex/latex/etoolbox\etoolbox.s
ty
Package: etoolbox 2020/10/05 v2.5k e-TeX tools for LaTeX (JAW)
\etb@tempcnta=\count199
)
(C:\Users\RWLBRA001\AppData\Local\Programs\MiKTeX\tex/latex/booktabs\booktabs.s
ty
Package: booktabs 2020/01/12 v1.61803398 Publication quality tables
\heavyrulewidth=\dimen151
\lightrulewidth=\dimen152
\cmidrulewidth=\dimen153
\belowrulesep=\dimen154
\belowbottomsep=\dimen155
\aboverulesep=\dimen156
\abovetopsep=\dimen157
\cmidrulesep=\dimen158
\cmidrulekern=\dimen159
\defaultaddspace=\dimen160
\@cmidla=\count266
\@cmidlb=\count267
\@aboverulesep=\dimen161
\@belowrulesep=\dimen162
\@thisruleclass=\count268
\@lastruleclass=\count269
\@thisrulewidth=\dimen163
)
(C:\Users\RWLBRA001\AppData\Local\Programs\MiKTeX\tex/latex/makecell\makecell.s
ty
Package: makecell 2009/08/03 V0.1e Managing of Tab Column Heads and Cells

(C:\Users\RWLBRA001\AppData\Local\Programs\MiKTeX\tex/latex/latex-tools\array.s
ty
Package: array 2020/10/01 v2.5c Tabular extension package (FMi)
\col@sep=\dimen164
\ar@mcellbox=\box50
\extrarowheight=\dimen165
\NC@list=\toks21
\extratabsurround=\skip53
\backup@length=\skip54
\ar@cellbox=\box51
)
\rotheadsize=\dimen166
\c@nlinenum=\count270
\TeXr@lab=\toks22
)
(C:\Users\RWLBRA001\AppData\Local\Programs\MiKTeX\tex/latex/multirow\multirow.s
ty
Package: multirow 2021/03/15 v2.8 Span multiple rows of a table
\multirow@colwidth=\skip55
\multirow@cntb=\count271
\multirow@dima=\skip56
\bigstrutjot=\dimen167
)
(C:\Users\RWLBRA001\AppData\Local\Programs\MiKTeX\tex/latex/colortbl\colortbl.s
ty
Package: colortbl 2020/01/04 v1.0e Color table columns (DPC)

(C:\Users\RWLBRA001\AppData\Local\Programs\MiKTeX\tex/latex/graphics\color.sty
Package: color 2020/02/24 v1.2b Standard LaTeX Color (DPC)

(C:\Users\RWLBRA001\AppData\Local\Programs\MiKTeX\tex/latex/graphics-cfg\color.
cfg
File: color.cfg 2016/01/02 v1.6 sample color configuration
)
Package color Info: Driver file: pdftex.def on input line 147.
)
\everycr=\toks23
\minrowclearance=\skip57
)
(C:\Users\RWLBRA001\AppData\Local\Programs\MiKTeX\tex/latex/latex-tools\dcolumn
.sty
Package: dcolumn 2014/10/28 v1.06 decimal alignment package (DPC)
)
(C:\Users\RWLBRA001\AppData\Local\Programs\MiKTeX\tex/latex/sttools\stfloats.st
y
Package: stfloats 2017/03/27 v3.3 Improve float mechanism and baselineskip sett
ings
\@dblbotnum=\count272
\c@dblbotnumber=\count273
)
(C:\Users\RWLBRA001\AppData\Local\Programs\MiKTeX\tex/latex/latex-tools\xspace.
sty
Package: xspace 2014/10/28 v1.13 Space after command names (DPC,MH)
)
(C:\Users\RWLBRA001\AppData\Local\Programs\MiKTeX\tex/latex/xstring\xstring.sty

(C:\Users\RWLBRA001\AppData\Local\Programs\MiKTeX\tex/generic/xstring\xstring.t
ex
\integerpart=\count274
\decimalpart=\count275
)
Package: xstring 2021/07/21 v1.84 String manipulations (CT)
)
(C:\Users\RWLBRA001\AppData\Local\Programs\MiKTeX\tex/latex/footmisc\footmisc.s
ty
Package: footmisc 2011/06/06 v5.5b a miscellany of footnote facilities
\FN@temptoken=\toks24
\footnotemargin=\dimen168
\c@pp@next@reset=\count276
Package footmisc Info: Declaring symbol style bringhurst on input line 855.
Package footmisc Info: Declaring symbol style chicago on input line 863.
Package footmisc Info: Declaring symbol style wiley on input line 872.
Package footmisc Info: Declaring symbol style lamport-robust on input line 883.

Package footmisc Info: Declaring symbol style lamport* on input line 903.
Package footmisc Info: Declaring symbol style lamport*-robust on input line 924
.
)
(C:\Users\RWLBRA001\AppData\Local\Programs\MiKTeX\tex/latex/xcolor\xcolor.sty
Package: xcolor 2016/05/11 v2.12 LaTeX color extensions (UK)

(C:\Users\RWLBRA001\AppData\Local\Programs\MiKTeX\tex/latex/graphics-cfg\color.
cfg
File: color.cfg 2016/01/02 v1.6 sample color configuration
)
Package xcolor Info: Driver file: pdftex.def on input line 225.
LaTeX Info: Redefining \color on input line 709.
Package xcolor Info: Model `cmy' substituted by `cmy0' on input line 1348.
Package xcolor Info: Model `hsb' substituted by `rgb' on input line 1352.
Package xcolor Info: Model `RGB' extended on input line 1364.
Package xcolor Info: Model `HTML' substituted by `rgb' on input line 1366.
Package xcolor Info: Model `Hsb' substituted by `hsb' on input line 1367.
Package xcolor Info: Model `tHsb' substituted by `hsb' on input line 1368.
Package xcolor Info: Model `HSB' substituted by `hsb' on input line 1369.
Package xcolor Info: Model `Gray' substituted by `gray' on input line 1370.
Package xcolor Info: Model `wave' substituted by `hsb' on input line 1371.

(C:\Users\RWLBRA001\AppData\Local\Programs\MiKTeX\tex/latex/graphics\dvipsnam.d
ef
File: dvipsnam.def 2016/06/17 v3.0m Driver-dependent file (DPC,SPQR)
)
(C:\Users\RWLBRA001\AppData\Local\Programs\MiKTeX\tex/latex/xcolor\svgnam.def
File: svgnam.def 2016/05/11 v2.12 Predefined colors according to SVG 1.1 (UK)
))
(C:\Users\RWLBRA001\AppData\Local\Programs\MiKTeX\tex/latex/hyperref\hyperref.s
ty
Package: hyperref 2021-02-10 v7.00j Hypertext links for LaTeX

(C:\Users\RWLBRA001\AppData\Local\Programs\MiKTeX\tex/generic/ltxcmds\ltxcmds.s
ty
Package: ltxcmds 2020-05-10 v1.25 LaTeX kernel commands for general use (HO)
)
(C:\Users\RWLBRA001\AppData\Local\Programs\MiKTeX\tex/generic/iftex\iftex.sty
Package: iftex 2020/03/06 v1.0d TeX engine tests
)
(C:\Users\RWLBRA001\AppData\Local\Programs\MiKTeX\tex/generic/pdftexcmds\pdftex
cmds.sty
Package: pdftexcmds 2020-06-27 v0.33 Utility functions of pdfTeX for LuaTeX (HO
)

(C:\Users\RWLBRA001\AppData\Local\Programs\MiKTeX\tex/generic/infwarerr\infware
rr.sty
Package: infwarerr 2019/12/03 v1.5 Providing info/warning/error messages (HO)
)
Package pdftexcmds Info: \pdf@primitive is available.
Package pdftexcmds Info: \pdf@ifprimitive is available.
Package pdftexcmds Info: \pdfdraftmode found.
)
(C:\Users\RWLBRA001\AppData\Local\Programs\MiKTeX\tex/generic/kvsetkeys\kvsetke
ys.sty
Package: kvsetkeys 2019/12/15 v1.18 Key value parser (HO)
)
(C:\Users\RWLBRA001\AppData\Local\Programs\MiKTeX\tex/generic/kvdefinekeys\kvde
finekeys.sty
Package: kvdefinekeys 2019-12-19 v1.6 Define keys (HO)
)
(C:\Users\RWLBRA001\AppData\Local\Programs\MiKTeX\tex/generic/pdfescape\pdfesca
pe.sty
Package: pdfescape 2019/12/09 v1.15 Implements pdfTeX's escape features (HO)
)
(C:\Users\RWLBRA001\AppData\Local\Programs\MiKTeX\tex/latex/hycolor\hycolor.sty
Package: hycolor 2020-01-27 v1.10 Color options for hyperref/bookmark (HO)
)
(C:\Users\RWLBRA001\AppData\Local\Programs\MiKTeX\tex/latex/letltxmacro\letltxm
acro.sty
Package: letltxmacro 2019/12/03 v1.6 Let assignment for LaTeX macros (HO)
)
(C:\Users\RWLBRA001\AppData\Local\Programs\MiKTeX\tex/latex/auxhook\auxhook.sty
Package: auxhook 2019-12-17 v1.6 Hooks for auxiliary files (HO)
)
(C:\Users\RWLBRA001\AppData\Local\Programs\MiKTeX\tex/latex/kvoptions\kvoptions
.sty
Package: kvoptions 2020-10-07 v3.14 Key value format for package options (HO)
)
\@linkdim=\dimen169
\Hy@linkcounter=\count277
\Hy@pagecounter=\count278

(C:\Users\RWLBRA001\AppData\Local\Programs\MiKTeX\tex/latex/hyperref\pd1enc.def
File: pd1enc.def 2021-02-10 v7.00j Hyperref: PDFDocEncoding definition (HO)
Now handling font encoding PD1 ...
... no UTF-8 mapping file for font encoding PD1
)
(C:\Users\RWLBRA001\AppData\Local\Programs\MiKTeX\tex/latex/hyperref\hyperref-l
angpatches.def
File: hyperref-langpatches.def 2021-02-10 v7.00j Hyperref: patches for babel la
nguages
)
(C:\Users\RWLBRA001\AppData\Local\Programs\MiKTeX\tex/generic/intcalc\intcalc.s
ty
Package: intcalc 2019/12/15 v1.3 Expandable calculations with integers (HO)
)
(C:\Users\RWLBRA001\AppData\Local\Programs\MiKTeX\tex/generic/etexcmds\etexcmds
.sty
Package: etexcmds 2019/12/15 v1.7 Avoid name clashes with e-TeX commands (HO)
)
\Hy@SavedSpaceFactor=\count279

(C:\Users\RWLBRA001\AppData\Local\Programs\MiKTeX\tex/latex/hyperref\puenc.def
File: puenc.def 2021-02-10 v7.00j Hyperref: PDF Unicode definition (HO)
Now handling font encoding PU ...
... no UTF-8 mapping file for font encoding PU
)
Package hyperref Info: Option `colorlinks' set `true' on input line 4073.
Package hyperref Info: Hyper figures OFF on input line 4192.
Package hyperref Info: Link nesting OFF on input line 4197.
Package hyperref Info: Hyper index ON on input line 4200.
Package hyperref Info: Plain pages OFF on input line 4207.
Package hyperref Info: Backreferencing OFF on input line 4212.
Package hyperref Info: Implicit mode ON; LaTeX internals redefined.
Package hyperref Info: Bookmarks ON on input line 4445.
\c@Hy@tempcnt=\count280
(C:\Users\RWLBRA001\AppData\Local\Programs\MiKTeX\tex/latex/url\url.sty
\Urlmuskip=\muskip17
Package: url 2013/09/16  ver 3.4  Verb mode for urls, etc.
)
LaTeX Info: Redefining \url on input line 4804.
\XeTeXLinkMargin=\dimen170

(C:\Users\RWLBRA001\AppData\Local\Programs\MiKTeX\tex/generic/bitset\bitset.sty
Package: bitset 2019/12/09 v1.3 Handle bit-vector datatype (HO)

(C:\Users\RWLBRA001\AppData\Local\Programs\MiKTeX\tex/generic/bigintcalc\bigint
calc.sty
Package: bigintcalc 2019/12/15 v1.5 Expandable calculations on big integers (HO
)
))
\Fld@menulength=\count281
\Field@Width=\dimen171
\Fld@charsize=\dimen172
Package hyperref Info: Hyper figures OFF on input line 6075.
Package hyperref Info: Link nesting OFF on input line 6080.
Package hyperref Info: Hyper index ON on input line 6083.
Package hyperref Info: backreferencing OFF on input line 6090.
Package hyperref Info: Link coloring ON on input line 6093.
Package hyperref Info: Link coloring with OCG OFF on input line 6100.
Package hyperref Info: PDF/A mode OFF on input line 6105.
LaTeX Info: Redefining \ref on input line 6145.
LaTeX Info: Redefining \pageref on input line 6149.

(C:\Users\RWLBRA001\AppData\Local\Programs\MiKTeX\tex/latex/base\atbegshi-ltx.s
ty
Package: atbegshi-ltx 2020/08/17 v1.0a Emulation of the original atbegshi packa
ge
with kernel methods
)
\Hy@abspage=\count282
\c@Item=\count283
\c@Hfootnote=\count284
)
Package hyperref Info: Driver (autodetected): hpdftex.

(C:\Users\RWLBRA001\AppData\Local\Programs\MiKTeX\tex/latex/hyperref\hpdftex.de
f
File: hpdftex.def 2021-02-10 v7.00j Hyperref driver for pdfTeX

(C:\Users\RWLBRA001\AppData\Local\Programs\MiKTeX\tex/latex/base\atveryend-ltx.
sty
Package: atveryend-ltx 2020/08/19 v1.0a Emulation of the original atvery packag
e
with kernel methods
)
\Fld@listcount=\count285
\c@bookmark@seq@number=\count286

(C:\Users\RWLBRA001\AppData\Local\Programs\MiKTeX\tex/latex/rerunfilecheck\reru
nfilecheck.sty
Package: rerunfilecheck 2019/12/05 v1.9 Rerun checks for auxiliary files (HO)

(C:\Users\RWLBRA001\AppData\Local\Programs\MiKTeX\tex/generic/uniquecounter\uni
quecounter.sty
Package: uniquecounter 2019/12/15 v1.4 Provide unlimited unique counter (HO)
)
Package uniquecounter Info: New unique counter `rerunfilecheck' on input line 2
86.
)
\Hy@SectionHShift=\skip58
) (cas-common.sty
\l_stm_title_before_dim=\dimen173
\l_stm_title_after_dim=\dimen174
\g_ead_int=\count287
\g_uad_int=\count288
\@eadauthor=\toks25
\g_stm_tnote_int=\count289
\g_stm_fnote_int=\count290
\g_stm_cor_int=\count291
\g_stm_au_int=\count292
\g_stm_aau_int=\count293
\l_autype_int=\count294
\l_stm_augroup_before_dim=\dimen175
\l_stm_augroup_after_dim=\dimen176
\l_stm_augroup_lskip_tl=\dimen177
\l_stm_augroup_rskip_tl=\dimen178
\g_stm_aff_int=\count295
\g_stm_aff_ext_int=\count296
\g_stm_aff_int_int=\count297
\g_stm_fn_aff_ext_int=\count298
\g_stm_fn_aff_int_int=\count299
\l_stm_aff_before_dim=\dimen179
\l_stm_aff_after_dim=\dimen180
\l_stm_aff_lskip_dim=\dimen181
\l_stm_aff_rskip_dim=\dimen182
\g_stm_augr_int=\count300
\g_stm_aaugr_int=\count301

(C:\Users\RWLBRA001\AppData\Local\Programs\MiKTeX\tex/latex/moreverb\moreverb.s
ty
Package: moreverb 2008/06/03 v2.3a `more' verbatim facilities

(C:\Users\RWLBRA001\AppData\Local\Programs\MiKTeX\tex/latex/latex-tools\verbati
m.sty
Package: verbatim 2020-07-07 v1.5u LaTeX2e package for verbatim enhancements
\every@verbatim=\toks26
\verbatim@line=\toks27
\verbatim@in@stream=\read2
)
\tab@position=\count302
\tab@size=\count303
\listing@line=\count304
)
\g_stm_abs_box=\box52
\casgrabsbox=\box53
\casauhlbox=\box54
\g_stm_key_box=\box55
\g_stm_jtype_int=\count305
\g_stm_blind_int=\count306
\c@au=\count307
\c@cnote=\count308
\c@tnote=\count309
\c@fnote=\count310
\c@aff=\count311
\g_stm_notes_box=\box56
\g_stm_front_box=\box57
\paraindent=\dimen183
\subparaindent=\dimen184
\FullWidth=\dimen185
\l_tbl_width_dim=\dimen186
\l_tbl_abovecap_skip=\skip59
\l_tbl_belowcap_skip=\skip60
\l_tbl_abovetbl_skip=\skip61
\l_tbl_belowtbl_skip=\skip62
\l_fig_width_dim=\dimen187
\cascaptionbox=\box58
\l_fig_abovecap_skip=\skip63
\l_fig_belowcap_skip=\skip64
\l_fig_abovefig_skip=\skip65
\l_fig_belowfig_skip=\skip66

(C:\Users\RWLBRA001\AppData\Local\Programs\MiKTeX\tex/latex/wrapfig\wrapfig.sty
\wrapoverhang=\dimen188
\WF@size=\dimen189
\c@WF@wrappedlines=\count312
\WF@box=\box59
\WF@everypar=\toks28
Package: wrapfig 2003/01/31  v 3.6
)
\l_wrap_figwidth_dim=\dimen190
\l_wrap_fighspace_dim=\dimen191
\l_wrap_figvspace_dim=\dimen192
\l_wrap_fighcorr_dim=\dimen193
\l_wrap_figvcorr_dim=\dimen194
\l_above_bio_dim=\dimen195
\l_wrap_figlcorr_int=\count313
\l_wrap_figlines_int=\count314
\l_bio_text_box=\box60
\c@ca_biography_ctr=\count315
\l_ca_temp_inta=\count316
\leftMargin=\dimen196
\@enLab=\toks29
\@sep=\skip67
\@@sep=\skip68
) (C:\Users\RWLBRA001\AppData\Local\Programs\MiKTeX\tex/latex/base\fontenc.sty
Package: fontenc 2020/08/10 v2.0s Standard LaTeX package
) (C:\Users\RWLBRA001\AppData\Local\Programs\MiKTeX\tex/latex/stix\stix.sty
Package: stix 2018/04/17 v1.1.3-latex STIX fonts support package

(C:\Users\RWLBRA001\AppData\Local\Programs\MiKTeX\tex/latex/base\textcomp.sty
Package: textcomp 2020/02/02 v2.0n Standard LaTeX package
LaTeX Font Info:    Changing ? sub-encoding to TS1/0 on input line 75.
)
Now handling font encoding LS1 ...
... no UTF-8 mapping file for font encoding LS1
Now handling font encoding LS2 ...
... no UTF-8 mapping file for font encoding LS2
LaTeX Font Info:    Redeclaring symbol font `letters' on input line 76.
LaTeX Font Info:    Encoding `OML' has changed to `LS1' for symbol font
(Font)              `letters' in the math version `normal' on input line 76.
LaTeX Font Info:    Overwriting symbol font `letters' in version `normal'
(Font)                  OML/cmm/m/it --> LS1/stix/m/it on input line 76.
LaTeX Font Info:    Encoding `OML' has changed to `LS1' for symbol font
(Font)              `letters' in the math version `bold' on input line 76.
LaTeX Font Info:    Overwriting symbol font `letters' in version `bold'
(Font)                  OML/cmm/b/it --> LS1/stix/m/it on input line 76.
LaTeX Font Info:    Redeclaring symbol font `operators' on input line 77.
LaTeX Font Info:    Encoding `OT1' has changed to `LS1' for symbol font
(Font)              `operators' in the math version `normal' on input line 77.
LaTeX Font Info:    Overwriting symbol font `operators' in version `normal'
(Font)                  OT1/cmr/m/n --> LS1/stix/m/n on input line 77.
LaTeX Font Info:    Encoding `OT1' has changed to `LS1' for symbol font
(Font)              `operators' in the math version `bold' on input line 77.
LaTeX Font Info:    Overwriting symbol font `operators' in version `bold'
(Font)                  OT1/cmr/bx/n --> LS1/stix/m/n on input line 77.
\symbold-operators=\mathgroup6
LaTeX Font Info:    Redeclaring symbol font `symbols' on input line 79.
LaTeX Font Info:    Encoding `OMS' has changed to `LS1' for symbol font
(Font)              `symbols' in the math version `normal' on input line 79.
LaTeX Font Info:    Overwriting symbol font `symbols' in version `normal'
(Font)                  OMS/cmsy/m/n --> LS1/stixscr/m/n on input line 79.
LaTeX Font Info:    Encoding `OMS' has changed to `LS1' for symbol font
(Font)              `symbols' in the math version `bold' on input line 79.
LaTeX Font Info:    Overwriting symbol font `symbols' in version `bold'
(Font)                  OMS/cmsy/b/n --> LS1/stixscr/m/n on input line 79.
\symsymbols2=\mathgroup7
\symsymbols3=\mathgroup8
\symsymbols4=\mathgroup9
\symintegrals=\mathgroup10
LaTeX Font Info:    Redeclaring symbol font `largesymbols' on input line 84.
LaTeX Font Info:    Encoding `OMX' has changed to `LS2' for symbol font
(Font)              `largesymbols' in the math version `normal' on input line 8
4.
LaTeX Font Info:    Overwriting symbol font `largesymbols' in version `normal'
(Font)                  OMX/cmex/m/n --> LS2/stixex/m/n on input line 84.
LaTeX Font Info:    Encoding `OMX' has changed to `LS2' for symbol font
(Font)              `largesymbols' in the math version `bold' on input line 84.

LaTeX Font Info:    Overwriting symbol font `largesymbols' in version `bold'
(Font)                  OMX/cmex/m/n --> LS2/stixex/m/n on input line 84.
\symarrows1=\mathgroup11
\symarrows2=\mathgroup12
\symarrows3=\mathgroup13
LaTeX Font Info:    Overwriting symbol font `letters' in version `bold'
(Font)                  LS1/stix/m/it --> LS1/stix/b/it on input line 88.
LaTeX Font Info:    Overwriting symbol font `operators' in version `bold'
(Font)                  LS1/stix/m/n --> LS1/stix/b/n on input line 89.
LaTeX Font Info:    Overwriting symbol font `symbols' in version `bold'
(Font)                  LS1/stixscr/m/n --> LS1/stixscr/b/n on input line 90.
LaTeX Font Info:    Overwriting symbol font `symbols2' in version `bold'
(Font)                  LS1/stixfrak/m/n --> LS1/stixfrak/b/n on input line 91.

LaTeX Font Info:    Overwriting symbol font `symbols3' in version `bold'
(Font)                  LS1/stixbb/m/n --> LS1/stixbb/b/n on input line 92.
LaTeX Font Info:    Overwriting symbol font `symbols4' in version `bold'
(Font)                  LS1/stixbb/m/it --> LS1/stixbb/b/it on input line 93.
LaTeX Font Info:    Overwriting symbol font `integrals' in version `bold'
(Font)                  LS2/stixcal/m/n --> LS2/stixcal/b/n on input line 94.
LaTeX Font Info:    Overwriting symbol font `largesymbols' in version `bold'
(Font)                  LS2/stixex/m/n --> LS2/stixex/b/n on input line 95.
LaTeX Font Info:    Overwriting symbol font `arrows1' in version `bold'
(Font)                  LS1/stixsf/m/n --> LS1/stixsf/b/n on input line 96.
LaTeX Font Info:    Overwriting symbol font `arrows2' in version `bold'
(Font)                  LS1/stixsf/m/it --> LS1/stixsf/b/it on input line 97.
LaTeX Font Info:    Overwriting symbol font `arrows3' in version `bold'
(Font)                  LS2/stixtt/m/n --> LS2/stixtt/b/n on input line 98.
LaTeX Font Info:    Redeclaring math alphabet \mathit on input line 99.
LaTeX Font Info:    Redeclaring math alphabet \mathfrak on input line 102.
LaTeX Font Info:    Redeclaring math alphabet \mathsf on input line 106.
LaTeX Font Info:    Redeclaring math alphabet \mathtt on input line 108.
LaTeX Font Info:    Redeclaring math alphabet \mathbf on input line 109.
LaTeX Info: Redefining \yen on input line 456.
LaTeX Info: Redefining \circledR on input line 458.
LaTeX Info: Redefining \checkmark on input line 460.
LaTeX Info: Redefining \maltese on input line 461.
LaTeX Font Info:    Redeclaring math accent \grave on input line 698.
LaTeX Font Info:    Redeclaring math accent \acute on input line 699.
LaTeX Font Info:    Redeclaring math accent \hat on input line 700.
LaTeX Font Info:    Redeclaring math accent \tilde on input line 701.
LaTeX Font Info:    Redeclaring math accent \bar on input line 702.
LaTeX Font Info:    Redeclaring math accent \breve on input line 703.
LaTeX Font Info:    Redeclaring math accent \dot on input line 704.
LaTeX Font Info:    Redeclaring math accent \ddot on input line 705.
LaTeX Font Info:    Redeclaring math accent \mathring on input line 707.
LaTeX Font Info:    Redeclaring math accent \check on input line 708.
LaTeX Font Info:    Redeclaring math accent \vec on input line 716.
LaTeX Font Info:    Redeclaring math accent \widehat on input line 728.
LaTeX Font Info:    Redeclaring math accent \widetilde on input line 729.
LaTeX Info: Redefining \vdots on input line 1518.
LaTeX Info: Redefining \cdots on input line 1522.
LaTeX Font Info:    Redeclaring math symbol \mathsterling on input line 1978.
LaTeX Info: Redefining \not on input line 2144.
)
(C:\Users\RWLBRA001\AppData\Local\Programs\MiKTeX\tex/latex/geometry\geometry.s
ty
Package: geometry 2020/01/02 v5.9 Page Geometry

(C:\Users\RWLBRA001\AppData\Local\Programs\MiKTeX\tex/generic/iftex\ifvtex.sty
Package: ifvtex 2019/10/25 v1.7 ifvtex legacy package. Use iftex instead.
)
\Gm@cnth=\count317
\Gm@cntv=\count318
\c@Gm@tempcnt=\count319
\Gm@bindingoffset=\dimen197
\Gm@wd@mp=\dimen198
\Gm@odd@mp=\dimen199
\Gm@even@mp=\dimen256
\Gm@layoutwidth=\dimen257
\Gm@layoutheight=\dimen258
\Gm@layouthoffset=\dimen259
\Gm@layoutvoffset=\dimen260
\Gm@dimlist=\toks30

(C:\Users\RWLBRA001\AppData\Local\Programs\MiKTeX\tex/latex/geometry\geometry.c
fg)))
(C:\Users\RWLBRA001\AppData\Local\Programs\MiKTeX\tex/latex/framed\framed.sty
Package: framed 2011/10/22 v 0.96: framed or shaded text with page breaks
\OuterFrameSep=\skip69
\fb@frw=\dimen261
\fb@frh=\dimen262
\FrameRule=\dimen263
\FrameSep=\dimen264
)
(C:\Users\RWLBRA001\AppData\Local\Programs\MiKTeX\tex/latex/latex-tools\multico
l.sty
Package: multicol 2019/12/09 v1.8y multicolumn formatting (FMi)
\c@tracingmulticols=\count320
\mult@box=\box61
\multicol@leftmargin=\dimen265
\c@unbalance=\count321
\c@collectmore=\count322
\doublecol@number=\count323
\multicoltolerance=\count324
\multicolpretolerance=\count325
\full@width=\dimen266
\page@free=\dimen267
\premulticols=\dimen268
\postmulticols=\dimen269
\multicolsep=\skip70
\multicolbaselineskip=\skip71
\partial@page=\box62
\last@line=\box63
\maxbalancingoverflow=\dimen270
\mult@rightbox=\box64
\mult@grightbox=\box65
\mult@gfirstbox=\box66
\mult@firstbox=\box67
\@tempa=\box68
\@tempa=\box69
\@tempa=\box70
\@tempa=\box71
\@tempa=\box72
\@tempa=\box73
\@tempa=\box74
\@tempa=\box75
\@tempa=\box76
\@tempa=\box77
\@tempa=\box78
\@tempa=\box79
\@tempa=\box80
\@tempa=\box81
\@tempa=\box82
\@tempa=\box83
\@tempa=\box84
\@tempa=\box85
\@tempa=\box86
\@tempa=\box87
\@tempa=\box88
\@tempa=\box89
\@tempa=\box90
\@tempa=\box91
\@tempa=\box92
\@tempa=\box93
\@tempa=\box94
\@tempa=\box95
\@tempa=\box96
\@tempa=\box97
\@tempa=\box98
\@tempa=\box99
\@tempa=\box100
\@tempa=\box101
\@tempa=\box102
\@tempa=\box103
\@tempa=\box104
\c@minrows=\count326
\c@columnbadness=\count327
\c@finalcolumnbadness=\count328
\last@try=\dimen271
\multicolovershoot=\dimen272
\multicolundershoot=\dimen273
\mult@nat@firstbox=\box105
\colbreak@box=\box106
\mc@col@check@num=\count329
)
(C:\Users\RWLBRA001\AppData\Local\Programs\MiKTeX\tex/latex/nomencl\nomencl.sty
Package: nomencl 2020/12/29 v5.5 Nomenclature package

(C:\Users\RWLBRA001\AppData\Local\Programs\MiKTeX\tex/latex/xkeyval\xkeyval.sty
Package: xkeyval 2020/11/20 v2.8 package option processing (HA)

(C:\Users\RWLBRA001\AppData\Local\Programs\MiKTeX\tex/generic/xkeyval\xkeyval.t
ex
(C:\Users\RWLBRA001\AppData\Local\Programs\MiKTeX\tex/generic/xkeyval\xkvutils.
tex
\XKV@toks=\toks31
\XKV@tempa@toks=\toks32
)
\XKV@depth=\count330
File: xkeyval.tex 2014/12/03 v2.7a key=value parser (HA)
))
(C:\Users\RWLBRA001\AppData\Local\Programs\MiKTeX\tex/latex/base\ifthen.sty
Package: ifthen 2014/09/29 v1.1c Standard LaTeX ifthen package (DPC)
)
(C:\Users\RWLBRA001\AppData\Local\Programs\MiKTeX\tex/latex/koma-script\tocbasi
c.sty
Package: tocbasic 2020/09/21 v3.32 KOMA-Script package (handling toc-files)

(C:\Users\RWLBRA001\AppData\Local\Programs\MiKTeX\tex/latex/koma-script\scrbase
.sty
Package: scrbase 2020/09/21 v3.32 KOMA-Script package (KOMA-Script-independent 
basics and keyval usage)

(C:\Users\RWLBRA001\AppData\Local\Programs\MiKTeX\tex/latex/koma-script\scrlfil
e.sty
Package: scrlfile 2020/09/21 v3.32 KOMA-Script package (file load hooks)

(C:\Users\RWLBRA001\AppData\Local\Programs\MiKTeX\tex/latex/koma-script\scrlfil
e-hook.sty
Package: scrlfile-hook 2020/09/21 v3.32 KOMA-Script package (using LaTeX hooks)


(C:\Users\RWLBRA001\AppData\Local\Programs\MiKTeX\tex/latex/koma-script\scrlogo
.sty
Package: scrlogo 2020/09/21 v3.32 KOMA-Script package (logo)
))))
\scr@dte@tocline@numberwidth=\skip72
\scr@dte@tocline@numbox=\box107
)
Package tocbasic Info: babel extension for `nlo' omitted
(tocbasic)             because of missing \bbl@set@language on input line 187.
Package tocbasic Info: babel extension for `nls' omitted
(tocbasic)             because of missing \bbl@set@language on input line 188.
\nomlabelwidth=\dimen274
\nom@tempdim=\dimen275
\nomitemsep=\skip73
)
\@nomenclaturefile=\write3
\openout3 = `ML_PAPER_SINGLE_COLUMN.nlo'.

Package nomencl Info: Writing nomenclature file ML_PAPER_SINGLE_COLUMN.nlo on i
nput line 28.

(C:\Users\RWLBRA001\AppData\Local\Programs\MiKTeX\tex/latex/natbib\natbib.sty
Package: natbib 2010/09/13 8.31b (PWD, AO)
\bibhang=\skip74
\bibsep=\skip75
LaTeX Info: Redefining \cite on input line 694.
\c@NAT@ctr=\count331
)
LaTeX Font Info:    Trying to load font information for T1+stix on input line 5
7.

(C:\Users\RWLBRA001\AppData\Local\Programs\MiKTeX\tex/latex/stix\t1stix.fd
File: t1stix.fd 2015/04/17 v1.1.2-latex STIX T1 font definitions
)
(ML_PAPER_SINGLE_COLUMN.aux)
\openout1 = `ML_PAPER_SINGLE_COLUMN.aux'.

LaTeX Font Info:    Checking defaults for OML/cmm/m/it on input line 57.
LaTeX Font Info:    ... okay on input line 57.
LaTeX Font Info:    Checking defaults for OMS/cmsy/m/n on input line 57.
LaTeX Font Info:    ... okay on input line 57.
LaTeX Font Info:    Checking defaults for OT1/cmr/m/n on input line 57.
LaTeX Font Info:    ... okay on input line 57.
LaTeX Font Info:    Checking defaults for T1/cmr/m/n on input line 57.
LaTeX Font Info:    ... okay on input line 57.
LaTeX Font Info:    Checking defaults for TS1/cmr/m/n on input line 57.
LaTeX Font Info:    ... okay on input line 57.
LaTeX Font Info:    Checking defaults for OMX/cmex/m/n on input line 57.
LaTeX Font Info:    ... okay on input line 57.
LaTeX Font Info:    Checking defaults for U/cmr/m/n on input line 57.
LaTeX Font Info:    ... okay on input line 57.
LaTeX Font Info:    Checking defaults for PD1/pdf/m/n on input line 57.
LaTeX Font Info:    ... okay on input line 57.
LaTeX Font Info:    Checking defaults for PU/pdf/m/n on input line 57.
LaTeX Font Info:    ... okay on input line 57.
LaTeX Font Info:    Checking defaults for LS1/stix/m/n on input line 57.
LaTeX Font Info:    Trying to load font information for LS1+stix on input line 
57.

(C:\Users\RWLBRA001\AppData\Local\Programs\MiKTeX\tex/latex/stix\ls1stix.fd
File: ls1stix.fd 2015/04/17 v1.1.2-latex STIX LS1 font definitions
)
LaTeX Font Info:    ... okay on input line 57.
LaTeX Font Info:    Checking defaults for LS2/stix/m/n on input line 57.
LaTeX Font Info:    Trying to load font information for LS2+stix on input line 
57.

(C:\Users\RWLBRA001\AppData\Local\Programs\MiKTeX\tex/latex/stix\ls2stix.fd
File: ls2stix.fd 2015/04/17 v1.1.2-latex STIX LS2 font definitions
)
LaTeX Font Info:    ... okay on input line 57.

(C:\Users\RWLBRA001\AppData\Local\Programs\MiKTeX\tex/context/base/mkii\supp-pd
f.mkii
[Loading MPS to PDF converter (version 2006.09.02).]
\scratchcounter=\count332
\scratchdimen=\dimen276
\scratchbox=\box108
\nofMPsegments=\count333
\nofMParguments=\count334
\everyMPshowfont=\toks33
\MPscratchCnt=\count335
\MPscratchDim=\dimen277
\MPnumerator=\count336
\makeMPintoPDFobject=\count337
\everyMPtoPDFconversion=\toks34
)
(C:\Users\RWLBRA001\AppData\Local\Programs\MiKTeX\tex/latex/epstopdf-pkg\epstop
df-base.sty
Package: epstopdf-base 2020-01-24 v2.11 Base part for package epstopdf

(C:\Users\RWLBRA001\AppData\Local\Programs\MiKTeX\tex/latex/grfext\grfext.sty
Package: grfext 2019/12/03 v1.3 Manage graphics extensions (HO)
)
Package epstopdf-base Info: Redefining graphics rule for `.eps' on input line 4
85.
Package grfext Info: Graphics extension search list:
(grfext)             [.pdf,.png,.jpg,.mps,.jpeg,.jbig2,.jb2,.PDF,.PNG,.JPG,.JPE
G,.JBIG2,.JB2,.eps]
(grfext)             \AppendGraphicsExtensions on input line 504.
)
Package hyperref Info: Link coloring ON on input line 57.

(C:\Users\RWLBRA001\AppData\Local\Programs\MiKTeX\tex/latex/hyperref\nameref.st
y
Package: nameref 2021-04-02 v2.47 Cross-referencing by name of section

(C:\Users\RWLBRA001\AppData\Local\Programs\MiKTeX\tex/latex/refcount\refcount.s
ty
Package: refcount 2019/12/15 v3.6 Data extraction from label references (HO)
)
(C:\Users\RWLBRA001\AppData\Local\Programs\MiKTeX\tex/generic/gettitlestring\ge
ttitlestring.sty
Package: gettitlestring 2019/12/15 v1.6 Cleanup title references (HO)
)
\c@section@level=\count338
)
LaTeX Info: Redefining \ref on input line 57.
LaTeX Info: Redefining \pageref on input line 57.
LaTeX Info: Redefining \nameref on input line 57.
 (ML_PAPER_SINGLE_COLUMN.out) (ML_PAPER_SINGLE_COLUMN.out)
\@outlinefile=\write4
\openout4 = `ML_PAPER_SINGLE_COLUMN.out'.


*geometry* driver: auto-detecting
*geometry* detected driver: pdftex
*geometry* verbose mode - [ preamble ] result:
* driver: pdftex
* paper: custom
* layout: <same size as paper>
* layoutoffset:(h,v)=(0.0pt,0.0pt)
* modes: 
* h-part:(L,W,R)=(38.98026pt, 468.3324pt, 38.98026pt)
* v-part:(T,H,B)=(54.06023pt, 637.34175pt, 54.06023pt)
* \paperwidth=546.29291pt
* \paperheight=745.4622pt
* \textwidth=468.3324pt
* \textheight=637.34175pt
* \oddsidemargin=-33.28973pt
* \evensidemargin=-33.28973pt
* \topmargin=-42.20976pt
* \headheight=12.0pt
* \headsep=12.0pt
* \topskip=10.0pt
* \footskip=12.0pt
* \marginparwidth=57.0pt
* \marginparsep=11.0pt
* \columnsep=10.0pt
* \skip\footins=9.0pt plus 4.0pt minus 2.0pt
* \hoffset=0.0pt
* \voffset=0.0pt
* \mag=1000
* \@twocolumnfalse
* \@twosidefalse
* \@mparswitchfalse
* \@reversemarginfalse
* (1in=72.27pt=25.4mm, 1cm=28.453pt)

\verbatim@out=\write5
\openout5 = `ML_PAPER_SINGLE_COLUMN.abs'.

LaTeX Font Info:    Trying to load font information for TS1+stix on input line 
164.
(C:\Users\RWLBRA001\AppData\Local\Programs\MiKTeX\tex/latex/stix\ts1stix.fd
File: ts1stix.fd 2015/04/17 v1.1.2-latex STIX TS1 font definitions
)
LaTeX Font Info:    Trying to load font information for LS1+stixscr on input li
ne 165.

(C:\Users\RWLBRA001\AppData\Local\Programs\MiKTeX\tex/latex/stix\ls1stixscr.fd
File: ls1stixscr.fd 2015/04/17 v1.1.2-latex STIX script LS1 font definitions
)
LaTeX Font Info:    Trying to load font information for LS2+stixex on input lin
e 165.
(C:\Users\RWLBRA001\AppData\Local\Programs\MiKTeX\tex/latex/stix\ls2stixex.fd
File: ls2stixex.fd 2015/04/17 v1.1.2-latex STIX extentions LS2 font definitions

)
LaTeX Font Info:    Trying to load font information for U+msa on input line 165
.

(C:\Users\RWLBRA001\AppData\Local\Programs\MiKTeX\tex/latex/amsfonts\umsa.fd
File: umsa.fd 2013/01/14 v3.01 AMS symbols A
)
LaTeX Font Info:    Trying to load font information for U+msb on input line 165
.

(C:\Users\RWLBRA001\AppData\Local\Programs\MiKTeX\tex/latex/amsfonts\umsb.fd
File: umsb.fd 2013/01/14 v3.01 AMS symbols B
)
LaTeX Font Info:    Trying to load font information for LS1+stixfrak on input l
ine 165.

(C:\Users\RWLBRA001\AppData\Local\Programs\MiKTeX\tex/latex/stix\ls1stixfrak.fd
File: ls1stixfrak.fd 2015/04/17 v1.1.2-latex STIX fraktur LS1 font definitions
)
LaTeX Font Info:    Trying to load font information for LS1+stixbb on input lin
e 165.
 (C:\Users\RWLBRA001\AppData\Local\Programs\MiKTeX\tex/latex/stix\ls1stixbb.fd
File: ls1stixbb.fd 2015/04/17 v1.1.2-latex STIX blackboard LS1 font definitions

)
LaTeX Font Info:    Trying to load font information for LS2+stixcal on input li
ne 165.

(C:\Users\RWLBRA001\AppData\Local\Programs\MiKTeX\tex/latex/stix\ls2stixcal.fd
File: ls2stixcal.fd 2015/04/17 v1.1.2-latex STIX calligraphic LS2 font definiti
ons
)
LaTeX Font Info:    Trying to load font information for LS1+stixsf on input lin
e 165.
(C:\Users\RWLBRA001\AppData\Local\Programs\MiKTeX\tex/latex/stix\ls1stixsf.fd
File: ls1stixsf.fd 2015/04/17 v1.1.2-latex STIX sans-serif LS1 font definitions

)
LaTeX Font Info:    Trying to load font information for LS2+stixtt on input lin
e 165.

(C:\Users\RWLBRA001\AppData\Local\Programs\MiKTeX\tex/latex/stix\ls2stixtt.fd
File: ls2stixtt.fd 2015/04/17 v1.1.2-latex STIX typewriter LS2 font definitions

)
[0

{C:/Users/RWLBRA001/AppData/Local/MiKTeX/pdftex/config/pdftex.map}]
Overfull \hbox (117.0831pt too wide) detected at line 175
[]
 []

(ML_PAPER_SINGLE_COLUMN.abs)

Package hyperref Warning: Ignoring empty anchor on input line 175.


Package hyperref Warning: Ignoring empty anchor on input line 175.

<thumbnails/cas-email.jpeg, id=12, 225.84375pt x 225.84375pt>
File: thumbnails/cas-email.jpeg Graphic file (type jpg)
<use thumbnails/cas-email.jpeg>
Package pdftex.def Info: thumbnails/cas-email.jpeg  used on input line 175.
(pdftex.def)             Requested size: 7.99838pt x 8.0pt.
LaTeX Font Info:    Trying to load font information for T1+cmtt on input line 1
75.
(C:\Users\RWLBRA001\AppData\Local\Programs\MiKTeX\tex/latex/base\t1cmtt.fd
File: t1cmtt.fd 2019/12/16 v2.5j Standard LaTeX font definitions
)

Package hyperref Warning: Ignoring empty anchor on input line 175.

LaTeX Font Info:    Trying to load font information for T1+cmss on input line 1
83.
(C:\Users\RWLBRA001\AppData\Local\Programs\MiKTeX\tex/latex/base\t1cmss.fd
File: t1cmss.fd 2019/12/16 v2.5j Standard LaTeX font definitions
)
[1 <./thumbnails/cas-email.jpeg>] (ML_PAPER_SINGLE_COLUMN.nls)
Underfull \hbox (badness 10000) has occurred while \output is active
$[]$
 []

[2]
Overfull \hbox (26.63849pt too wide) in alignment at lines 269--278
[][][] 
 []


Overfull \hbox (24.57478pt too wide) in alignment at lines 285--295
[][][][] 
 []

No file ML_PAPER_SINGLE_COLUMN.bbl.

Underfull \hbox (badness 10000) has occurred while \output is active
$[]$
 []

[3

] (ML_PAPER_SINGLE_COLUMN.aux)

LaTeX Warning: Label(s) may have changed. Rerun to get cross-references right.

Package rerunfilecheck Info: File `ML_PAPER_SINGLE_COLUMN.out' has not changed.

(rerunfilecheck)             Checksum: D41D8CD98F00B204E9800998ECF8427E;0.
 ) 
Here is how much of TeX's memory you used:
 16936 strings out of 479616
 249432 string characters out of 2863101
 574290 words of memory out of 3000000
 33774 multiletter control sequences out of 15000+200000
 498428 words of font info for 147 fonts, out of 3000000 for 9000
 1141 hyphenation exceptions out of 8191
 113i,13n,116p,329b,489s stack positions out of 5000i,500n,10000p,200000b,50000s
{C:/Users/RWLBRA001/AppData/Local/Programs/MiKTeX/fonts/enc/dvips/cm-super/cm
-super-t1.enc}{C:/Users/RWLBRA001/AppData/Local/Programs/MiKTeX/fonts/enc/dvips
/stix/stix-t1.enc}{C:/Users/RWLBRA001/AppData/Local/Programs/MiKTeX/fonts/enc/d
vips/stix/stix-ts1.enc}<C:/Users/RWLBRA001/AppData/Local/Programs/MiKTeX/fonts/
type1/public/stix/STIXGeneral-Bold.pfb><C:/Users/RWLBRA001/AppData/Local/Progra
ms/MiKTeX/fonts/type1/public/stix/STIXGeneral-Italic.pfb><C:/Users/RWLBRA001/Ap
pData/Local/Programs/MiKTeX/fonts/type1/public/stix/STIXGeneral-Regular.pfb><C:
/Users/RWLBRA001/AppData/Local/Programs/MiKTeX/fonts/type1/public/cm-super/sfss
0900.pfb><C:/Users/RWLBRA001/AppData/Local/Programs/MiKTeX/fonts/type1/public/c
m-super/sfsx0900.pfb><C:/Users/RWLBRA001/AppData/Local/Programs/MiKTeX/fonts/ty
pe1/public/cm-super/sftt0800.pfb><C:/Users/RWLBRA001/AppData/Local/Programs/MiK
TeX/fonts/type1/public/stix/stix-mathit.pfb><C:/Users/RWLBRA001/AppData/Local/P
rograms/MiKTeX/fonts/type1/public/stix/stix-mathrm.pfb>
Output written on ML_PAPER_SINGLE_COLUMN.pdf (4 pages, 206594 bytes).
PDF statistics:
 77 PDF objects out of 1000 (max. 8388607)
 18 named destinations out of 1000 (max. 500000)
 6 words of extra memory for PDF output out of 10000 (max. 10000000)

